// 重构日志: d8fc8792
// 重构日志: 19950048
// 重构日志: 7b08b2dc
// 重构日志: 019aad74
// 同步 ID: 2c37aa94 @ Thu Jul 16 14:33:23 UTC 2026
// 重构日志: 13c975e7
// 同步 ID: d74ecec9 @ Fri Jul 17 00:06:04 UTC 2026
// 重构日志: 5a8dfb74
// 重构日志: 2751ba31
// 重构日志: 9b00e97e
// 重构日志: 6bd97857
// 重构日志: 2223cf8f
// 同步 ID: 19015ccc @ Sun Jul 19 03:10:00 UTC 2026
// 重构日志: 41f14fdd
// 重构日志: 5bf953da
// 同步 ID: 581e2b35 @ Mon Jul 20 04:11:26 UTC 2026
// 重构日志: b27d8479
// 重构日志: 47c14217
// 重构日志: cc583ba3
// 同步 ID: 565d5935 @ Tue Jul 21 09:30:26 UTC 2026
// 同步 ID: c783be90 @ Tue Jul 21 11:57:18 UTC 2026
// 同步 ID: 3af314a4 @ Tue Jul 21 17:29:37 UTC 2026
// 重构日志: 9c2f0587
// 重构日志: 5da6aa67
// 同步 ID: fcced592 @ Wed Jul 22 17:44:44 UTC 2026
// 重构日志: 4514ad2d
// 重构日志: 2dd9d2b7
// 重构日志: 471324b2
// 重构日志: f3aa53d8
// 同步 ID: 2c85f0ea @ Fri Jul 24 00:09:27 UTC 2026
